Arguments: 
  C:\Program Files\nodejs\node.exe C:\Users\Techie\AppData\Roaming\npm\node_modules\yarn\bin\yarn.js

PATH: 
  C:\Program Files\Microsoft\jdk-11.0.20.8-hotspot\bin;C:\Program Files\Common Files\Oracle\Java\javapath;C:\Program Files (x86)\Common Files\Oracle\Java\javapath;C:\Program Files (x86)\Common Files\Intel\Shared Libraries\redist\intel64\compiler;C:\Windows\system32;C:\Windows;C:\Windows\System32\Wbem;C:\Windows\System32\WindowsPowerShell\v1.0\;C:\Windows\System32\OpenSSH\;C:\Program Files (x86)\NVIDIA Corporation\PhysX\Common;C:\Program Files\Git\cmd;C:\Program Files\Microsoft SQL Server\130\Tools\Binn\;C:\Program Files\Microsoft SQL Server\Client SDK\ODBC\170\Tools\Binn\;C:\Program Files\NVIDIA Corporation\NVIDIA NvDLISR;C:\Program Files\PuTTY\;C:\Program Files\Microsoft SQL Server\150\Tools\Binn\;C:\Program Files\Amazon\AWSCLIV2\;C:\Users\Techie\AppData\Roaming\nvm;C:\Program Files\nodejs;C:\ProgramData\chocolatey\bin;C:\Program Files\dotnet\;C:\Program Files\Docker\Docker\resources\bin;C:\Users\Techie\scoop\shims;C:\Users\Techie\AppData\Local\Microsoft\WindowsApps;C:\Users\Techie\AppData\Local\Programs\Microsoft VS Code\bin;C:\Users\Techie\AppData\Local\GitHubDesktop\bin;C:\Users\Techie\.dotnet\tools;C:\Users\Techie\AppData\Roaming\npm;C:\Users\Techie\AppData\Roaming\nvm;C:\Program Files\nodejs;C:\Program Files\1Password CLI;C:\Users\Techie\.dotnet\tools

Yarn version: 
  1.22.10

Node version: 
  18.17.1

Platform: 
  win32 x64

Trace: 
  SyntaxError: G:\work\apps\oigamez.backend.api\handlers\session.connect-game-session-handler\package.json: Unexpected token } in JSON at position 414
      at JSON.parse (<anonymous>)
      at C:\Users\Techie\AppData\Roaming\npm\node_modules\yarn\lib\cli.js:1625:59
      at Generator.next (<anonymous>)
      at step (C:\Users\Techie\AppData\Roaming\npm\node_modules\yarn\lib\cli.js:310:30)
      at C:\Users\Techie\AppData\Roaming\npm\node_modules\yarn\lib\cli.js:321:13

npm manifest: 
  {
    "name": "@oigamez/session.connect-game-session-handler",
    "version": "1.0.0",
    "description": "",
    "main": "src/index.js",
    "type": "module",
    "keywords": [],
    "author": "",
    "license": "ISC",
    "dependencies": {
      "@aws-sdk/client-dynamodb": "^3.423.0",
      "@oigamez/configuration": "1.0.0",
      "oigamez/dynamodb": "1.0.0",
      "oigamez/repositories": "1.0.0",
      "oigamez/validators": "1.0.0",
    },
    "devDependencies": {    
      "env-cmd": "^10.1.0"    
    },
    "scripts": {
      "start": "env-cmd -f .env node ./src/index.js"
    }
  }

yarn manifest: 
  No manifest

Lockfile: 
  No lockfile
